app/build/intermediates/manifest_merge_blame_file/debug/manifest-merger-blame-debug-report.txt
1<?xml version="1.0" encoding="utf-8"?>
2<manifest xmlns:android="http://schemas.android.com/apk/res/android"
3    package="com.example.chemistryassistant"
4    android:versionCode="1"
5    android:versionName="1.02" >
6
7    <uses-sdk
8        android:minSdkVersion="17"
8-->src\main\AndroidManifest.xml
9        android:targetSdkVersion="33" />
9-->src\main\AndroidManifest.xml
10
11    <permission
11-->[androidx.core:core:1.9.0] AndroidManifest.xml:22:5-24:47
12        android:name="com.example.chemistryassistant.DYNAMIC_RECEIVER_NOT_EXPORTED_PERMISSION"
12-->[androidx.core:core:1.9.0] AndroidManifest.xml:23:9-81
13        android:protectionLevel="signature" />
13-->[androidx.core:core:1.9.0] AndroidManifest.xml:24:9-44
14
15    <uses-permission android:name="com.example.chemistryassistant.DYNAMIC_RECEIVER_NOT_EXPORTED_PERMISSION" />
15-->[androidx.core:core:1.9.0] AndroidManifest.xml:26:5-97
15-->[androidx.core:core:1.9.0] AndroidManifest.xml:26:22-94
16
17    <application
17-->src\main\AndroidManifest.xml:5:5-52:19
18        android:allowBackup="true"
18-->src\main\AndroidManifest.xml:6:9-35
19        android:appComponentFactory="androidx.core.app.CoreComponentFactory"
19-->[androidx.core:core:1.9.0] AndroidManifest.xml:28:18-86
20        android:dataExtractionRules="@xml/data_extraction_rules"
20-->src\main\AndroidManifest.xml:7:9-65
21        android:debuggable="true"
22        android:fullBackupContent="@xml/backup_rules"
22-->src\main\AndroidManifest.xml:8:9-54
23        android:icon="@mipmap/ic_launcher"
23-->src\main\AndroidManifest.xml:9:9-43
24        android:label="@string/app_name"
24-->src\main\AndroidManifest.xml:10:9-41
25        android:roundIcon="@mipmap/ic_launcher_round"
25-->src\main\AndroidManifest.xml:11:9-54
26        android:supportsRtl="true"
26-->src\main\AndroidManifest.xml:12:9-35
27        android:testOnly="true"
28        android:theme="@style/Theme.ChemistryAssistant" >
28-->src\main\AndroidManifest.xml:13:9-56
29        <activity
29-->src\main\AndroidManifest.xml:15:9-23:20
30            android:name="com.example.chemistryassistant.MainActivity"
30-->src\main\AndroidManifest.xml:16:13-41
31            android:exported="true" >
31-->src\main\AndroidManifest.xml:17:13-36
32            <intent-filter>
32-->src\main\AndroidManifest.xml:18:13-22:29
33                <action android:name="android.intent.action.MAIN" />
33-->src\main\AndroidManifest.xml:19:17-69
33-->src\main\AndroidManifest.xml:19:25-66
34
35                <category android:name="android.intent.category.LAUNCHER" />
35-->src\main\AndroidManifest.xml:21:17-77
35-->src\main\AndroidManifest.xml:21:27-74
36            </intent-filter>
37        </activity>
38        <activity
38-->src\main\AndroidManifest.xml:24:9-27:20
39            android:name="com.example.chemistryassistant.NormalMode"
39-->src\main\AndroidManifest.xml:25:13-39
40            android:exported="false" >
40-->src\main\AndroidManifest.xml:26:13-37
41        </activity>
42        <activity
42-->src\main\AndroidManifest.xml:28:9-31:20
43            android:name="com.example.chemistryassistant.ChemistryMode"
43-->src\main\AndroidManifest.xml:29:13-42
44            android:exported="false" >
44-->src\main\AndroidManifest.xml:30:13-37
45        </activity>
46        <activity
46-->src\main\AndroidManifest.xml:32:9-35:20
47            android:name="com.example.chemistryassistant.PeriodicTable"
47-->src\main\AndroidManifest.xml:33:13-42
48            android:exported="false" >
48-->src\main\AndroidManifest.xml:34:13-37
49        </activity>
50        <activity
50-->src\main\AndroidManifest.xml:36:9-39:20
51            android:name="com.example.chemistryassistant.PeriodicTable2"
51-->src\main\AndroidManifest.xml:37:13-43
52            android:exported="false" >
52-->src\main\AndroidManifest.xml:38:13-37
53        </activity>
54        <activity
54-->src\main\AndroidManifest.xml:40:9-43:20
55            android:name="com.example.chemistryassistant.PeriodicTable4"
55-->src\main\AndroidManifest.xml:41:13-43
56            android:exported="false" >
56-->src\main\AndroidManifest.xml:42:13-37
57        </activity>
58        <activity
58-->src\main\AndroidManifest.xml:44:9-47:20
59            android:name="com.example.chemistryassistant.PeriodicTable3"
59-->src\main\AndroidManifest.xml:45:13-43
60            android:exported="false" >
60-->src\main\AndroidManifest.xml:46:13-37
61        </activity>
62
63        <meta-data
63-->src\main\AndroidManifest.xml:49:9-51:57
64            android:name="preloaded_fonts"
64-->src\main\AndroidManifest.xml:50:13-43
65            android:resource="@array/preloaded_fonts" />
65-->src\main\AndroidManifest.xml:51:13-54
66
67        <provider
67-->[androidx.emoji2:emoji2:1.2.0] AndroidManifest.xml:24:9-32:20
68            android:name="androidx.startup.InitializationProvider"
68-->[androidx.emoji2:emoji2:1.2.0] AndroidManifest.xml:25:13-67
69            android:authorities="com.example.chemistryassistant.androidx-startup"
69-->[androidx.emoji2:emoji2:1.2.0] AndroidManifest.xml:26:13-68
70            android:exported="false" >
70-->[androidx.emoji2:emoji2:1.2.0] AndroidManifest.xml:27:13-37
71            <meta-data
71-->[androidx.emoji2:emoji2:1.2.0] AndroidManifest.xml:29:13-31:52
72                android:name="androidx.emoji2.text.EmojiCompatInitializer"
72-->[androidx.emoji2:emoji2:1.2.0] AndroidManifest.xml:30:17-75
73                android:value="androidx.startup" />
73-->[androidx.emoji2:emoji2:1.2.0] AndroidManifest.xml:31:17-49
74            <meta-data
74-->[androidx.lifecycle:lifecycle-process:2.4.1] AndroidManifest.xml:31:13-33:52
75                android:name="androidx.lifecycle.ProcessLifecycleInitializer"
75-->[androidx.lifecycle:lifecycle-process:2.4.1] AndroidManifest.xml:32:17-78
76                android:value="androidx.startup" />
76-->[androidx.lifecycle:lifecycle-process:2.4.1] AndroidManifest.xml:33:17-49
77        </provider>
78    </application>
79
80</manifest>